<?xml version="1.0" encoding="UTF-8"?>
<!-- Generated by org.testng.reporters.JUnitReportReporter -->
<testsuite hostname="DESKTOP-U9EA81B" failures="0" tests="2" name="com.restAssuredTesting.DynamicJsonPayload" time="5.602" errors="0" timestamp="2020-09-01T12:19:10 IST" skipped="0">
  <testcase classname="com.restAssuredTesting.DynamicJsonPayload" name="deleteBook" time="1.268"/>
  <system-out/>
  <testcase classname="com.restAssuredTesting.DynamicJsonPayload" name="AddBook" time="4.334"/>
  <system-out/>
</testsuite> <!-- com.restAssuredTesting.DynamicJsonPayload -->
