<?xml version="1.0" encoding="UTF-8"?>
<!-- Generated by org.testng.reporters.JUnitReportReporter -->
<testsuite hostname="DESKTOP-U9EA81B" failures="0" tests="1" name="com.restAssuredTesting.umValidation" time="2.734" errors="0" timestamp="2020-08-30T17:46:55 IST" skipped="0">
  <testcase classname="com.restAssuredTesting.umValidation" name="sumOfCourses" time="2.734"/>
  <system-out/>
</testsuite> <!-- com.restAssuredTesting.umValidation -->
