<?xml version="1.0" encoding="UTF-8"?>
<!-- Generated by org.testng.reporters.JUnitReportReporter -->
<testsuite hostname="DESKTOP-U9EA81B" failures="0" tests="1" name="com.restAssuredTesting.HandleStaticJsonFile" time="4.735" errors="0" timestamp="2020-09-01T13:18:44 IST" skipped="0">
  <testcase classname="com.restAssuredTesting.HandleStaticJsonFile" name="AddBook" time="4.735"/>
  <system-out/>
</testsuite> <!-- com.restAssuredTesting.HandleStaticJsonFile -->
